2020-04-05 16:29:17.462  INFO 25232 --- [main] c.e.a.c.CustomerControllerTest           : Starting CustomerControllerTest on CI00092537 with PID 25232 (started by driesbo in C:\_projects\switchfully\eurder\api)
2020-04-05 16:29:17.474  INFO 25232 --- [main] c.e.a.c.CustomerControllerTest           : No active profile set, falling back to default profiles: default
2020-04-05 16:29:18.614  INFO 25232 --- [main] trationDelegate$BeanPostProcessorChecker : Bean 'org.springframework.security.config.annotation.configuration.ObjectPostProcessorConfiguration' of type [org.springframework.security.config.annotation.configuration.ObjectPostProcessorConfiguration] is not eligible for getting processed by all BeanPostProcessors (for example: not eligible for auto-proxying)
2020-04-05 16:29:18.624  INFO 25232 --- [main] trationDelegate$BeanPostProcessorChecker : Bean 'objectPostProcessor' of type [org.springframework.security.config.annotation.configuration.AutowireBeanFactoryObjectPostProcessor] is not eligible for getting processed by all BeanPostProcessors (for example: not eligible for auto-proxying)
2020-04-05 16:29:18.626  INFO 25232 --- [main] trationDelegate$BeanPostProcessorChecker : Bean 'org.springframework.security.access.expression.method.DefaultMethodSecurityExpressionHandler@3d24420b' of type [org.springframework.security.access.expression.method.DefaultMethodSecurityExpressionHandler] is not eligible for getting processed by all BeanPostProcessors (for example: not eligible for auto-proxying)
2020-04-05 16:29:18.635  INFO 25232 --- [main] trationDelegate$BeanPostProcessorChecker : Bean 'org.springframework.security.config.annotation.method.configuration.GlobalMethodSecurityConfiguration' of type [org.springframework.security.config.annotation.method.configuration.GlobalMethodSecurityConfiguration] is not eligible for getting processed by all BeanPostProcessors (for example: not eligible for auto-proxying)
2020-04-05 16:29:18.642  INFO 25232 --- [main] trationDelegate$BeanPostProcessorChecker : Bean 'methodSecurityMetadataSource' of type [org.springframework.security.access.method.DelegatingMethodSecurityMetadataSource] is not eligible for getting processed by all BeanPostProcessors (for example: not eligible for auto-proxying)
2020-04-05 16:29:19.239  INFO 25232 --- [main] o.s.b.w.embedded.tomcat.TomcatWebServer  : Tomcat initialized with port(s): 0 (http)
2020-04-05 16:29:19.250  INFO 25232 --- [main] o.apache.catalina.core.StandardService   : Starting service [Tomcat]
2020-04-05 16:29:19.250  INFO 25232 --- [main] org.apache.catalina.core.StandardEngine  : Starting Servlet engine: [Apache Tomcat/9.0.33]
2020-04-05 16:29:19.362  INFO 25232 --- [main] o.a.c.c.C.[Tomcat].[localhost].[/]       : Initializing Spring embedded WebApplicationContext
2020-04-05 16:29:19.362  INFO 25232 --- [main] o.s.web.context.ContextLoader            : Root WebApplicationContext: initialization completed in 1863 ms
2020-04-05 16:29:20.309  INFO 25232 --- [main] pertySourcedRequestMappingHandlerMapping : Mapped URL path [/v2/api-docs] onto method [springfox.documentation.swagger2.web.Swagger2Controller#getDocumentation(String, HttpServletRequest)]
2020-04-05 16:29:20.528  INFO 25232 --- [main] o.s.s.web.DefaultSecurityFilterChain     : Creating filter chain: any request, [org.springframework.security.web.context.request.async.WebAsyncManagerIntegrationFilter@2342f1ff, org.springframework.security.web.context.SecurityContextPersistenceFilter@506aa618, org.springframework.security.web.header.HeaderWriterFilter@9f9146d, org.springframework.security.web.authentication.logout.LogoutFilter@645dc557, org.springframework.security.web.authentication.www.BasicAuthenticationFilter@3ef2b8e5, org.springframework.security.web.savedrequest.RequestCacheAwareFilter@3b39e79b, org.springframework.security.web.servletapi.SecurityContextHolderAwareRequestFilter@76a1146d, org.springframework.security.web.authentication.AnonymousAuthenticationFilter@3303e89e, org.springframework.security.web.session.SessionManagementFilter@40016ce1, org.springframework.security.web.access.ExceptionTranslationFilter@6b2ef50e, org.springframework.security.web.access.intercept.FilterSecurityInterceptor@7f93f4c]
2020-04-05 16:29:20.854  INFO 25232 --- [main] o.s.s.concurrent.ThreadPoolTaskExecutor  : Initializing ExecutorService 'applicationTaskExecutor'
2020-04-05 16:29:21.467  INFO 25232 --- [main] d.s.w.p.DocumentationPluginsBootstrapper : Context refreshed
2020-04-05 16:29:21.496  INFO 25232 --- [main] d.s.w.p.DocumentationPluginsBootstrapper : Found 1 custom documentation plugin(s)
2020-04-05 16:29:21.535  INFO 25232 --- [main] s.d.s.w.s.ApiListingReferenceScanner     : Scanning for api listing references
2020-04-05 16:29:21.970  INFO 25232 --- [main] o.s.b.w.embedded.tomcat.TomcatWebServer  : Tomcat started on port(s): 52069 (http) with context path ''
2020-04-05 16:29:21.974  INFO 25232 --- [main] c.e.a.c.CustomerControllerTest           : Started CustomerControllerTest in 4.953 seconds (JVM running for 6.15)
2020-04-05 16:29:23.040  INFO 25232 --- [http-nio-auto-1-exec-1] o.a.c.c.C.[Tomcat].[localhost].[/]       : Initializing Spring DispatcherServlet 'dispatcherServlet'
2020-04-05 16:29:23.042  INFO 25232 --- [http-nio-auto-1-exec-1] o.s.web.servlet.DispatcherServlet        : Initializing Servlet 'dispatcherServlet'
2020-04-05 16:29:23.063  INFO 25232 --- [http-nio-auto-1-exec-1] o.s.web.servlet.DispatcherServlet        : Completed initialization in 21 ms
2020-04-05 16:29:25.204  INFO 25232 --- [SpringContextShutdownHook] o.s.s.concurrent.ThreadPoolTaskExecutor  : Shutting down ExecutorService 'applicationTaskExecutor'
2020-04-05 16:29:31.005  INFO 27304 --- [main] c.e.a.c.CustomerControllerTest           : Starting CustomerControllerTest on CI00092537 with PID 27304 (started by driesbo in C:\_projects\switchfully\eurder\api)
2020-04-05 16:29:31.007  INFO 27304 --- [main] c.e.a.c.CustomerControllerTest           : No active profile set, falling back to default profiles: default
2020-04-05 16:29:32.051  INFO 27304 --- [main] trationDelegate$BeanPostProcessorChecker : Bean 'org.springframework.security.config.annotation.configuration.ObjectPostProcessorConfiguration' of type [org.springframework.security.config.annotation.configuration.ObjectPostProcessorConfiguration] is not eligible for getting processed by all BeanPostProcessors (for example: not eligible for auto-proxying)
2020-04-05 16:29:32.061  INFO 27304 --- [main] trationDelegate$BeanPostProcessorChecker : Bean 'objectPostProcessor' of type [org.springframework.security.config.annotation.configuration.AutowireBeanFactoryObjectPostProcessor] is not eligible for getting processed by all BeanPostProcessors (for example: not eligible for auto-proxying)
2020-04-05 16:29:32.063  INFO 27304 --- [main] trationDelegate$BeanPostProcessorChecker : Bean 'org.springframework.security.access.expression.method.DefaultMethodSecurityExpressionHandler@1faf386c' of type [org.springframework.security.access.expression.method.DefaultMethodSecurityExpressionHandler] is not eligible for getting processed by all BeanPostProcessors (for example: not eligible for auto-proxying)
2020-04-05 16:29:32.072  INFO 27304 --- [main] trationDelegate$BeanPostProcessorChecker : Bean 'org.springframework.security.config.annotation.method.configuration.GlobalMethodSecurityConfiguration' of type [org.springframework.security.config.annotation.method.configuration.GlobalMethodSecurityConfiguration] is not eligible for getting processed by all BeanPostProcessors (for example: not eligible for auto-proxying)
2020-04-05 16:29:32.080  INFO 27304 --- [main] trationDelegate$BeanPostProcessorChecker : Bean 'methodSecurityMetadataSource' of type [org.springframework.security.access.method.DelegatingMethodSecurityMetadataSource] is not eligible for getting processed by all BeanPostProcessors (for example: not eligible for auto-proxying)
2020-04-05 16:29:32.605  INFO 27304 --- [main] o.s.b.w.embedded.tomcat.TomcatWebServer  : Tomcat initialized with port(s): 0 (http)
2020-04-05 16:29:32.616  INFO 27304 --- [main] o.apache.catalina.core.StandardService   : Starting service [Tomcat]
2020-04-05 16:29:32.617  INFO 27304 --- [main] org.apache.catalina.core.StandardEngine  : Starting Servlet engine: [Apache Tomcat/9.0.33]
2020-04-05 16:29:32.721  INFO 27304 --- [main] o.a.c.c.C.[Tomcat].[localhost].[/]       : Initializing Spring embedded WebApplicationContext
2020-04-05 16:29:32.722  INFO 27304 --- [main] o.s.web.context.ContextLoader            : Root WebApplicationContext: initialization completed in 1697 ms
2020-04-05 16:29:33.566  INFO 27304 --- [main] pertySourcedRequestMappingHandlerMapping : Mapped URL path [/v2/api-docs] onto method [springfox.documentation.swagger2.web.Swagger2Controller#getDocumentation(String, HttpServletRequest)]
2020-04-05 16:29:33.776  INFO 27304 --- [main] o.s.s.web.DefaultSecurityFilterChain     : Creating filter chain: any request, [org.springframework.security.web.context.request.async.WebAsyncManagerIntegrationFilter@49190ed6, org.springframework.security.web.context.SecurityContextPersistenceFilter@376af784, org.springframework.security.web.header.HeaderWriterFilter@2aa6bbad, org.springframework.security.web.authentication.logout.LogoutFilter@3db1ce78, org.springframework.security.web.authentication.www.BasicAuthenticationFilter@51f01535, org.springframework.security.web.savedrequest.RequestCacheAwareFilter@40016ce1, org.springframework.security.web.servletapi.SecurityContextHolderAwareRequestFilter@4b6b5352, org.springframework.security.web.authentication.AnonymousAuthenticationFilter@5d717f19, org.springframework.security.web.session.SessionManagementFilter@75527e36, org.springframework.security.web.access.ExceptionTranslationFilter@5e0f2c82, org.springframework.security.web.access.intercept.FilterSecurityInterceptor@19dac2d6]
2020-04-05 16:29:34.089  INFO 27304 --- [main] o.s.s.concurrent.ThreadPoolTaskExecutor  : Initializing ExecutorService 'applicationTaskExecutor'
2020-04-05 16:29:34.644  INFO 27304 --- [main] d.s.w.p.DocumentationPluginsBootstrapper : Context refreshed
2020-04-05 16:29:34.665  INFO 27304 --- [main] d.s.w.p.DocumentationPluginsBootstrapper : Found 1 custom documentation plugin(s)
2020-04-05 16:29:34.699  INFO 27304 --- [main] s.d.s.w.s.ApiListingReferenceScanner     : Scanning for api listing references
2020-04-05 16:29:35.115  INFO 27304 --- [main] o.s.b.w.embedded.tomcat.TomcatWebServer  : Tomcat started on port(s): 52109 (http) with context path ''
2020-04-05 16:29:35.118  INFO 27304 --- [main] c.e.a.c.CustomerControllerTest           : Started CustomerControllerTest in 4.502 seconds (JVM running for 5.504)
2020-04-05 16:29:36.072  INFO 27304 --- [http-nio-auto-1-exec-1] o.a.c.c.C.[Tomcat].[localhost].[/]       : Initializing Spring DispatcherServlet 'dispatcherServlet'
2020-04-05 16:29:36.074  INFO 27304 --- [http-nio-auto-1-exec-1] o.s.web.servlet.DispatcherServlet        : Initializing Servlet 'dispatcherServlet'
2020-04-05 16:29:36.094  INFO 27304 --- [http-nio-auto-1-exec-1] o.s.web.servlet.DispatcherServlet        : Completed initialization in 20 ms
2020-04-05 16:29:38.247  INFO 27304 --- [main] o.s.s.concurrent.ThreadPoolTaskExecutor  : Shutting down ExecutorService 'applicationTaskExecutor'
2020-04-05 16:29:38.473  INFO 27304 --- [main] c.e.a.c.CustomerControllerTest           : Starting CustomerControllerTest on CI00092537 with PID 27304 (started by driesbo in C:\_projects\switchfully\eurder\api)
2020-04-05 16:29:38.474  INFO 27304 --- [main] c.e.a.c.CustomerControllerTest           : No active profile set, falling back to default profiles: default
2020-04-05 16:29:38.782  INFO 27304 --- [main] trationDelegate$BeanPostProcessorChecker : Bean 'org.springframework.security.config.annotation.configuration.ObjectPostProcessorConfiguration' of type [org.springframework.security.config.annotation.configuration.ObjectPostProcessorConfiguration] is not eligible for getting processed by all BeanPostProcessors (for example: not eligible for auto-proxying)
2020-04-05 16:29:38.786  INFO 27304 --- [main] trationDelegate$BeanPostProcessorChecker : Bean 'objectPostProcessor' of type [org.springframework.security.config.annotation.configuration.AutowireBeanFactoryObjectPostProcessor] is not eligible for getting processed by all BeanPostProcessors (for example: not eligible for auto-proxying)
2020-04-05 16:29:38.786  INFO 27304 --- [main] trationDelegate$BeanPostProcessorChecker : Bean 'org.springframework.security.access.expression.method.DefaultMethodSecurityExpressionHandler@58ebfbcb' of type [org.springframework.security.access.expression.method.DefaultMethodSecurityExpressionHandler] is not eligible for getting processed by all BeanPostProcessors (for example: not eligible for auto-proxying)
2020-04-05 16:29:38.792  INFO 27304 --- [main] trationDelegate$BeanPostProcessorChecker : Bean 'org.springframework.security.config.annotation.method.configuration.GlobalMethodSecurityConfiguration' of type [org.springframework.security.config.annotation.method.configuration.GlobalMethodSecurityConfiguration] is not eligible for getting processed by all BeanPostProcessors (for example: not eligible for auto-proxying)
2020-04-05 16:29:38.795  INFO 27304 --- [main] trationDelegate$BeanPostProcessorChecker : Bean 'methodSecurityMetadataSource' of type [org.springframework.security.access.method.DelegatingMethodSecurityMetadataSource] is not eligible for getting processed by all BeanPostProcessors (for example: not eligible for auto-proxying)
2020-04-05 16:29:38.882  INFO 27304 --- [main] o.s.b.w.embedded.tomcat.TomcatWebServer  : Tomcat initialized with port(s): 0 (http)
2020-04-05 16:29:38.883  INFO 27304 --- [main] o.apache.catalina.core.StandardService   : Starting service [Tomcat]
2020-04-05 16:29:38.883  INFO 27304 --- [main] org.apache.catalina.core.StandardEngine  : Starting Servlet engine: [Apache Tomcat/9.0.33]
2020-04-05 16:29:38.908  INFO 27304 --- [main] o.a.c.c.C.[Tomcat].[localhost].[/]       : Initializing Spring embedded WebApplicationContext
2020-04-05 16:29:38.908  INFO 27304 --- [main] o.s.web.context.ContextLoader            : Root WebApplicationContext: initialization completed in 432 ms
2020-04-05 16:29:39.371  INFO 27304 --- [main] pertySourcedRequestMappingHandlerMapping : Mapped URL path [/v2/api-docs] onto method [springfox.documentation.swagger2.web.Swagger2Controller#getDocumentation(String, HttpServletRequest)]
2020-04-05 16:29:39.462  INFO 27304 --- [main] o.s.s.web.DefaultSecurityFilterChain     : Creating filter chain: any request, [org.springframework.security.web.context.request.async.WebAsyncManagerIntegrationFilter@7916568d, org.springframework.security.web.context.SecurityContextPersistenceFilter@2da8ed80, org.springframework.security.web.header.HeaderWriterFilter@19b33b0d, org.springframework.security.web.authentication.logout.LogoutFilter@6df4d8f1, org.springframework.security.web.authentication.www.BasicAuthenticationFilter@456c53a, org.springframework.security.web.savedrequest.RequestCacheAwareFilter@d827673, org.springframework.security.web.servletapi.SecurityContextHolderAwareRequestFilter@d695f9d, org.springframework.security.web.authentication.AnonymousAuthenticationFilter@58fadccb, org.springframework.security.web.session.SessionManagementFilter@524b1e41, org.springframework.security.web.access.ExceptionTranslationFilter@44ac94c2, org.springframework.security.web.access.intercept.FilterSecurityInterceptor@2f70d78c]
2020-04-05 16:29:39.578  INFO 27304 --- [main] o.s.s.concurrent.ThreadPoolTaskExecutor  : Initializing ExecutorService 'applicationTaskExecutor'
2020-04-05 16:29:39.696  INFO 27304 --- [main] d.s.w.p.DocumentationPluginsBootstrapper : Context refreshed
2020-04-05 16:29:39.696  INFO 27304 --- [main] d.s.w.p.DocumentationPluginsBootstrapper : Found 1 custom documentation plugin(s)
2020-04-05 16:29:39.702  INFO 27304 --- [main] s.d.s.w.s.ApiListingReferenceScanner     : Scanning for api listing references
2020-04-05 16:29:39.765  INFO 27304 --- [main] o.s.b.w.embedded.tomcat.TomcatWebServer  : Tomcat started on port(s): 52143 (http) with context path ''
2020-04-05 16:29:39.766  INFO 27304 --- [main] c.e.a.c.CustomerControllerTest           : Started CustomerControllerTest in 1.323 seconds (JVM running for 10.152)
2020-04-05 16:29:39.833  INFO 27304 --- [http-nio-auto-2-exec-1] o.a.c.c.C.[Tomcat].[localhost].[/]       : Initializing Spring DispatcherServlet 'dispatcherServlet'
2020-04-05 16:29:39.834  INFO 27304 --- [http-nio-auto-2-exec-1] o.s.web.servlet.DispatcherServlet        : Initializing Servlet 'dispatcherServlet'
2020-04-05 16:29:39.851  INFO 27304 --- [http-nio-auto-2-exec-1] o.s.web.servlet.DispatcherServlet        : Completed initialization in 17 ms
2020-04-05 16:29:41.948  INFO 27304 --- [SpringContextShutdownHook] o.s.s.concurrent.ThreadPoolTaskExecutor  : Shutting down ExecutorService 'applicationTaskExecutor'
2020-04-05 16:31:03.360  INFO 13044 --- [main] c.e.api.controllers.ItemControllerTest   : Starting ItemControllerTest on CI00092537 with PID 13044 (started by driesbo in C:\_projects\switchfully\eurder\api)
2020-04-05 16:31:03.362  INFO 13044 --- [main] c.e.api.controllers.ItemControllerTest   : No active profile set, falling back to default profiles: default
2020-04-05 16:31:04.423  INFO 13044 --- [main] trationDelegate$BeanPostProcessorChecker : Bean 'org.springframework.security.config.annotation.configuration.ObjectPostProcessorConfiguration' of type [org.springframework.security.config.annotation.configuration.ObjectPostProcessorConfiguration] is not eligible for getting processed by all BeanPostProcessors (for example: not eligible for auto-proxying)
2020-04-05 16:31:04.432  INFO 13044 --- [main] trationDelegate$BeanPostProcessorChecker : Bean 'objectPostProcessor' of type [org.springframework.security.config.annotation.configuration.AutowireBeanFactoryObjectPostProcessor] is not eligible for getting processed by all BeanPostProcessors (for example: not eligible for auto-proxying)
2020-04-05 16:31:04.434  INFO 13044 --- [main] trationDelegate$BeanPostProcessorChecker : Bean 'org.springframework.security.access.expression.method.DefaultMethodSecurityExpressionHandler@3f96f020' of type [org.springframework.security.access.expression.method.DefaultMethodSecurityExpressionHandler] is not eligible for getting processed by all BeanPostProcessors (for example: not eligible for auto-proxying)
2020-04-05 16:31:04.442  INFO 13044 --- [main] trationDelegate$BeanPostProcessorChecker : Bean 'org.springframework.security.config.annotation.method.configuration.GlobalMethodSecurityConfiguration' of type [org.springframework.security.config.annotation.method.configuration.GlobalMethodSecurityConfiguration] is not eligible for getting processed by all BeanPostProcessors (for example: not eligible for auto-proxying)
2020-04-05 16:31:04.449  INFO 13044 --- [main] trationDelegate$BeanPostProcessorChecker : Bean 'methodSecurityMetadataSource' of type [org.springframework.security.access.method.DelegatingMethodSecurityMetadataSource] is not eligible for getting processed by all BeanPostProcessors (for example: not eligible for auto-proxying)
2020-04-05 16:31:04.967  INFO 13044 --- [main] o.s.b.w.embedded.tomcat.TomcatWebServer  : Tomcat initialized with port(s): 0 (http)
2020-04-05 16:31:04.977  INFO 13044 --- [main] o.apache.catalina.core.StandardService   : Starting service [Tomcat]
2020-04-05 16:31:04.978  INFO 13044 --- [main] org.apache.catalina.core.StandardEngine  : Starting Servlet engine: [Apache Tomcat/9.0.33]
2020-04-05 16:31:05.084  INFO 13044 --- [main] o.a.c.c.C.[Tomcat].[localhost].[/]       : Initializing Spring embedded WebApplicationContext
2020-04-05 16:31:05.084  INFO 13044 --- [main] o.s.web.context.ContextLoader            : Root WebApplicationContext: initialization completed in 1704 ms
2020-04-05 16:31:05.932  INFO 13044 --- [main] pertySourcedRequestMappingHandlerMapping : Mapped URL path [/v2/api-docs] onto method [springfox.documentation.swagger2.web.Swagger2Controller#getDocumentation(String, HttpServletRequest)]
2020-04-05 16:31:06.147  INFO 13044 --- [main] o.s.s.web.DefaultSecurityFilterChain     : Creating filter chain: any request, [org.springframework.security.web.context.request.async.WebAsyncManagerIntegrationFilter@5c25d0d1, org.springframework.security.web.context.SecurityContextPersistenceFilter@1426370c, org.springframework.security.web.header.HeaderWriterFilter@5908e6d6, org.springframework.security.web.authentication.logout.LogoutFilter@1a17dd6f, org.springframework.security.web.authentication.www.BasicAuthenticationFilter@1930a804, org.springframework.security.web.savedrequest.RequestCacheAwareFilter@45e7bb79, org.springframework.security.web.servletapi.SecurityContextHolderAwareRequestFilter@76596288, org.springframework.security.web.authentication.AnonymousAuthenticationFilter@22c8ee48, org.springframework.security.web.session.SessionManagementFilter@6f867b0c, org.springframework.security.web.access.ExceptionTranslationFilter@4300e240, org.springframework.security.web.access.intercept.FilterSecurityInterceptor@3be80ece]
2020-04-05 16:31:06.446  INFO 13044 --- [main] o.s.s.concurrent.ThreadPoolTaskExecutor  : Initializing ExecutorService 'applicationTaskExecutor'
2020-04-05 16:31:07.016  INFO 13044 --- [main] d.s.w.p.DocumentationPluginsBootstrapper : Context refreshed
2020-04-05 16:31:07.038  INFO 13044 --- [main] d.s.w.p.DocumentationPluginsBootstrapper : Found 1 custom documentation plugin(s)
2020-04-05 16:31:07.072  INFO 13044 --- [main] s.d.s.w.s.ApiListingReferenceScanner     : Scanning for api listing references
2020-04-05 16:31:07.491  INFO 13044 --- [main] o.s.b.w.embedded.tomcat.TomcatWebServer  : Tomcat started on port(s): 52192 (http) with context path ''
2020-04-05 16:31:07.493  INFO 13044 --- [main] c.e.api.controllers.ItemControllerTest   : Started ItemControllerTest in 4.521 seconds (JVM running for 5.56)
2020-04-05 16:31:08.519  INFO 13044 --- [http-nio-auto-1-exec-1] o.a.c.c.C.[Tomcat].[localhost].[/]       : Initializing Spring DispatcherServlet 'dispatcherServlet'
2020-04-05 16:31:08.520  INFO 13044 --- [http-nio-auto-1-exec-1] o.s.web.servlet.DispatcherServlet        : Initializing Servlet 'dispatcherServlet'
2020-04-05 16:31:08.548  INFO 13044 --- [http-nio-auto-1-exec-1] o.s.web.servlet.DispatcherServlet        : Completed initialization in 27 ms
2020-04-05 16:31:10.716  INFO 13044 --- [SpringContextShutdownHook] o.s.s.concurrent.ThreadPoolTaskExecutor  : Shutting down ExecutorService 'applicationTaskExecutor'
2020-04-05 16:47:09.473  INFO 21936 --- [main] c.e.api.controllers.ItemControllerTest   : Starting ItemControllerTest on CI00092537 with PID 21936 (started by driesbo in C:\_projects\switchfully\eurder\api)
2020-04-05 16:47:09.475  INFO 21936 --- [main] c.e.api.controllers.ItemControllerTest   : No active profile set, falling back to default profiles: default
2020-04-05 16:47:10.563  INFO 21936 --- [main] trationDelegate$BeanPostProcessorChecker : Bean 'org.springframework.security.config.annotation.configuration.ObjectPostProcessorConfiguration' of type [org.springframework.security.config.annotation.configuration.ObjectPostProcessorConfiguration] is not eligible for getting processed by all BeanPostProcessors (for example: not eligible for auto-proxying)
2020-04-05 16:47:10.574  INFO 21936 --- [main] trationDelegate$BeanPostProcessorChecker : Bean 'objectPostProcessor' of type [org.springframework.security.config.annotation.configuration.AutowireBeanFactoryObjectPostProcessor] is not eligible for getting processed by all BeanPostProcessors (for example: not eligible for auto-proxying)
2020-04-05 16:47:10.576  INFO 21936 --- [main] trationDelegate$BeanPostProcessorChecker : Bean 'org.springframework.security.access.expression.method.DefaultMethodSecurityExpressionHandler@3f96f020' of type [org.springframework.security.access.expression.method.DefaultMethodSecurityExpressionHandler] is not eligible for getting processed by all BeanPostProcessors (for example: not eligible for auto-proxying)
2020-04-05 16:47:10.586  INFO 21936 --- [main] trationDelegate$BeanPostProcessorChecker : Bean 'org.springframework.security.config.annotation.method.configuration.GlobalMethodSecurityConfiguration' of type [org.springframework.security.config.annotation.method.configuration.GlobalMethodSecurityConfiguration] is not eligible for getting processed by all BeanPostProcessors (for example: not eligible for auto-proxying)
2020-04-05 16:47:10.594  INFO 21936 --- [main] trationDelegate$BeanPostProcessorChecker : Bean 'methodSecurityMetadataSource' of type [org.springframework.security.access.method.DelegatingMethodSecurityMetadataSource] is not eligible for getting processed by all BeanPostProcessors (for example: not eligible for auto-proxying)
2020-04-05 16:47:11.154  INFO 21936 --- [main] o.s.b.w.embedded.tomcat.TomcatWebServer  : Tomcat initialized with port(s): 0 (http)
2020-04-05 16:47:11.164  INFO 21936 --- [main] o.apache.catalina.core.StandardService   : Starting service [Tomcat]
2020-04-05 16:47:11.165  INFO 21936 --- [main] org.apache.catalina.core.StandardEngine  : Starting Servlet engine: [Apache Tomcat/9.0.33]
2020-04-05 16:47:11.274  INFO 21936 --- [main] o.a.c.c.C.[Tomcat].[localhost].[/]       : Initializing Spring embedded WebApplicationContext
2020-04-05 16:47:11.274  INFO 21936 --- [main] o.s.web.context.ContextLoader            : Root WebApplicationContext: initialization completed in 1779 ms
2020-04-05 16:47:12.190  INFO 21936 --- [main] pertySourcedRequestMappingHandlerMapping : Mapped URL path [/v2/api-docs] onto method [springfox.documentation.swagger2.web.Swagger2Controller#getDocumentation(String, HttpServletRequest)]
2020-04-05 16:47:12.408  INFO 21936 --- [main] o.s.s.web.DefaultSecurityFilterChain     : Creating filter chain: any request, [org.springframework.security.web.context.request.async.WebAsyncManagerIntegrationFilter@5c25d0d1, org.springframework.security.web.context.SecurityContextPersistenceFilter@1426370c, org.springframework.security.web.header.HeaderWriterFilter@5908e6d6, org.springframework.security.web.authentication.logout.LogoutFilter@1a17dd6f, org.springframework.security.web.authentication.www.BasicAuthenticationFilter@1930a804, org.springframework.security.web.savedrequest.RequestCacheAwareFilter@45e7bb79, org.springframework.security.web.servletapi.SecurityContextHolderAwareRequestFilter@76596288, org.springframework.security.web.authentication.AnonymousAuthenticationFilter@22c8ee48, org.springframework.security.web.session.SessionManagementFilter@6f867b0c, org.springframework.security.web.access.ExceptionTranslationFilter@4300e240, org.springframework.security.web.access.intercept.FilterSecurityInterceptor@3be80ece]
2020-04-05 16:47:12.741  INFO 21936 --- [main] o.s.s.concurrent.ThreadPoolTaskExecutor  : Initializing ExecutorService 'applicationTaskExecutor'
2020-04-05 16:47:13.349  INFO 21936 --- [main] d.s.w.p.DocumentationPluginsBootstrapper : Context refreshed
2020-04-05 16:47:13.373  INFO 21936 --- [main] d.s.w.p.DocumentationPluginsBootstrapper : Found 1 custom documentation plugin(s)
2020-04-05 16:47:13.407  INFO 21936 --- [main] s.d.s.w.s.ApiListingReferenceScanner     : Scanning for api listing references
2020-04-05 16:47:13.841  INFO 21936 --- [main] o.s.b.w.embedded.tomcat.TomcatWebServer  : Tomcat started on port(s): 52404 (http) with context path ''
2020-04-05 16:47:13.844  INFO 21936 --- [main] c.e.api.controllers.ItemControllerTest   : Started ItemControllerTest in 4.732 seconds (JVM running for 5.827)
2020-04-05 16:47:14.771  INFO 21936 --- [http-nio-auto-1-exec-1] o.a.c.c.C.[Tomcat].[localhost].[/]       : Initializing Spring DispatcherServlet 'dispatcherServlet'
2020-04-05 16:47:14.773  INFO 21936 --- [http-nio-auto-1-exec-1] o.s.web.servlet.DispatcherServlet        : Initializing Servlet 'dispatcherServlet'
2020-04-05 16:47:14.799  INFO 21936 --- [http-nio-auto-1-exec-1] o.s.web.servlet.DispatcherServlet        : Completed initialization in 26 ms
2020-04-05 16:47:16.967  INFO 21936 --- [SpringContextShutdownHook] o.s.s.concurrent.ThreadPoolTaskExecutor  : Shutting down ExecutorService 'applicationTaskExecutor'
2020-04-05 16:53:36.575  INFO 25316 --- [main] c.e.api.controllers.ItemControllerTest   : Starting ItemControllerTest on CI00092537 with PID 25316 (started by driesbo in C:\_projects\switchfully\eurder\api)
2020-04-05 16:53:36.576  INFO 25316 --- [main] c.e.api.controllers.ItemControllerTest   : No active profile set, falling back to default profiles: default
2020-04-05 16:53:37.621  INFO 25316 --- [main] trationDelegate$BeanPostProcessorChecker : Bean 'org.springframework.security.config.annotation.configuration.ObjectPostProcessorConfiguration' of type [org.springframework.security.config.annotation.configuration.ObjectPostProcessorConfiguration] is not eligible for getting processed by all BeanPostProcessors (for example: not eligible for auto-proxying)
2020-04-05 16:53:37.629  INFO 25316 --- [main] trationDelegate$BeanPostProcessorChecker : Bean 'objectPostProcessor' of type [org.springframework.security.config.annotation.configuration.AutowireBeanFactoryObjectPostProcessor] is not eligible for getting processed by all BeanPostProcessors (for example: not eligible for auto-proxying)
2020-04-05 16:53:37.632  INFO 25316 --- [main] trationDelegate$BeanPostProcessorChecker : Bean 'org.springframework.security.access.expression.method.DefaultMethodSecurityExpressionHandler@6a1d526c' of type [org.springframework.security.access.expression.method.DefaultMethodSecurityExpressionHandler] is not eligible for getting processed by all BeanPostProcessors (for example: not eligible for auto-proxying)
2020-04-05 16:53:37.640  INFO 25316 --- [main] trationDelegate$BeanPostProcessorChecker : Bean 'org.springframework.security.config.annotation.method.configuration.GlobalMethodSecurityConfiguration' of type [org.springframework.security.config.annotation.method.configuration.GlobalMethodSecurityConfiguration] is not eligible for getting processed by all BeanPostProcessors (for example: not eligible for auto-proxying)
2020-04-05 16:53:37.647  INFO 25316 --- [main] trationDelegate$BeanPostProcessorChecker : Bean 'methodSecurityMetadataSource' of type [org.springframework.security.access.method.DelegatingMethodSecurityMetadataSource] is not eligible for getting processed by all BeanPostProcessors (for example: not eligible for auto-proxying)
2020-04-05 16:53:38.155  INFO 25316 --- [main] o.s.b.w.embedded.tomcat.TomcatWebServer  : Tomcat initialized with port(s): 0 (http)
2020-04-05 16:53:38.165  INFO 25316 --- [main] o.apache.catalina.core.StandardService   : Starting service [Tomcat]
2020-04-05 16:53:38.166  INFO 25316 --- [main] org.apache.catalina.core.StandardEngine  : Starting Servlet engine: [Apache Tomcat/9.0.33]
2020-04-05 16:53:38.265  INFO 25316 --- [main] o.a.c.c.C.[Tomcat].[localhost].[/]       : Initializing Spring embedded WebApplicationContext
2020-04-05 16:53:38.266  INFO 25316 --- [main] o.s.web.context.ContextLoader            : Root WebApplicationContext: initialization completed in 1670 ms
2020-04-05 16:53:39.180  INFO 25316 --- [main] pertySourcedRequestMappingHandlerMapping : Mapped URL path [/v2/api-docs] onto method [springfox.documentation.swagger2.web.Swagger2Controller#getDocumentation(String, HttpServletRequest)]
2020-04-05 16:53:39.399  INFO 25316 --- [main] o.s.s.web.DefaultSecurityFilterChain     : Creating filter chain: any request, [org.springframework.security.web.context.request.async.WebAsyncManagerIntegrationFilter@13fe5bb7, org.springframework.security.web.context.SecurityContextPersistenceFilter@d16209e, org.springframework.security.web.header.HeaderWriterFilter@98637a2, org.springframework.security.web.authentication.logout.LogoutFilter@4c6bba7d, org.springframework.security.web.authentication.www.BasicAuthenticationFilter@27afbf14, org.springframework.security.web.savedrequest.RequestCacheAwareFilter@6d815fb7, org.springframework.security.web.servletapi.SecurityContextHolderAwareRequestFilter@40016ce1, org.springframework.security.web.authentication.AnonymousAuthenticationFilter@4276ad40, org.springframework.security.web.session.SessionManagementFilter@2ef041bb, org.springframework.security.web.access.ExceptionTranslationFilter@5908e6d6, org.springframework.security.web.access.intercept.FilterSecurityInterceptor@40f1aa95]
2020-04-05 16:53:39.729  INFO 25316 --- [main] o.s.s.concurrent.ThreadPoolTaskExecutor  : Initializing ExecutorService 'applicationTaskExecutor'
2020-04-05 16:53:40.327  INFO 25316 --- [main] d.s.w.p.DocumentationPluginsBootstrapper : Context refreshed
2020-04-05 16:53:40.351  INFO 25316 --- [main] d.s.w.p.DocumentationPluginsBootstrapper : Found 1 custom documentation plugin(s)
2020-04-05 16:53:40.386  INFO 25316 --- [main] s.d.s.w.s.ApiListingReferenceScanner     : Scanning for api listing references
2020-04-05 16:53:40.879  INFO 25316 --- [main] o.s.b.w.embedded.tomcat.TomcatWebServer  : Tomcat started on port(s): 52503 (http) with context path ''
2020-04-05 16:53:40.884  INFO 25316 --- [main] c.e.api.controllers.ItemControllerTest   : Started ItemControllerTest in 4.699 seconds (JVM running for 5.791)
2020-04-05 16:53:41.846  INFO 25316 --- [http-nio-auto-1-exec-1] o.a.c.c.C.[Tomcat].[localhost].[/]       : Initializing Spring DispatcherServlet 'dispatcherServlet'
2020-04-05 16:53:41.848  INFO 25316 --- [http-nio-auto-1-exec-1] o.s.web.servlet.DispatcherServlet        : Initializing Servlet 'dispatcherServlet'
2020-04-05 16:53:41.870  INFO 25316 --- [http-nio-auto-1-exec-1] o.s.web.servlet.DispatcherServlet        : Completed initialization in 22 ms
2020-04-05 16:53:44.238  INFO 25316 --- [SpringContextShutdownHook] o.s.s.concurrent.ThreadPoolTaskExecutor  : Shutting down ExecutorService 'applicationTaskExecutor'
2020-04-05 16:54:46.271  INFO 14732 --- [main] c.e.api.controllers.ItemControllerTest   : Starting ItemControllerTest on CI00092537 with PID 14732 (started by driesbo in C:\_projects\switchfully\eurder\api)
2020-04-05 16:54:46.273  INFO 14732 --- [main] c.e.api.controllers.ItemControllerTest   : No active profile set, falling back to default profiles: default
2020-04-05 16:54:47.369  INFO 14732 --- [main] trationDelegate$BeanPostProcessorChecker : Bean 'org.springframework.security.config.annotation.configuration.ObjectPostProcessorConfiguration' of type [org.springframework.security.config.annotation.configuration.ObjectPostProcessorConfiguration] is not eligible for getting processed by all BeanPostProcessors (for example: not eligible for auto-proxying)
2020-04-05 16:54:47.378  INFO 14732 --- [main] trationDelegate$BeanPostProcessorChecker : Bean 'objectPostProcessor' of type [org.springframework.security.config.annotation.configuration.AutowireBeanFactoryObjectPostProcessor] is not eligible for getting processed by all BeanPostProcessors (for example: not eligible for auto-proxying)
2020-04-05 16:54:47.379  INFO 14732 --- [main] trationDelegate$BeanPostProcessorChecker : Bean 'org.springframework.security.access.expression.method.DefaultMethodSecurityExpressionHandler@6a1d526c' of type [org.springframework.security.access.expression.method.DefaultMethodSecurityExpressionHandler] is not eligible for getting processed by all BeanPostProcessors (for example: not eligible for auto-proxying)
2020-04-05 16:54:47.387  INFO 14732 --- [main] trationDelegate$BeanPostProcessorChecker : Bean 'org.springframework.security.config.annotation.method.configuration.GlobalMethodSecurityConfiguration' of type [org.springframework.security.config.annotation.method.configuration.GlobalMethodSecurityConfiguration] is not eligible for getting processed by all BeanPostProcessors (for example: not eligible for auto-proxying)
2020-04-05 16:54:47.393  INFO 14732 --- [main] trationDelegate$BeanPostProcessorChecker : Bean 'methodSecurityMetadataSource' of type [org.springframework.security.access.method.DelegatingMethodSecurityMetadataSource] is not eligible for getting processed by all BeanPostProcessors (for example: not eligible for auto-proxying)
2020-04-05 16:54:47.912  INFO 14732 --- [main] o.s.b.w.embedded.tomcat.TomcatWebServer  : Tomcat initialized with port(s): 0 (http)
2020-04-05 16:54:47.924  INFO 14732 --- [main] o.apache.catalina.core.StandardService   : Starting service [Tomcat]
2020-04-05 16:54:47.924  INFO 14732 --- [main] org.apache.catalina.core.StandardEngine  : Starting Servlet engine: [Apache Tomcat/9.0.33]
2020-04-05 16:54:48.026  INFO 14732 --- [main] o.a.c.c.C.[Tomcat].[localhost].[/]       : Initializing Spring embedded WebApplicationContext
2020-04-05 16:54:48.027  INFO 14732 --- [main] o.s.web.context.ContextLoader            : Root WebApplicationContext: initialization completed in 1735 ms
2020-04-05 16:54:48.882  INFO 14732 --- [main] pertySourcedRequestMappingHandlerMapping : Mapped URL path [/v2/api-docs] onto method [springfox.documentation.swagger2.web.Swagger2Controller#getDocumentation(String, HttpServletRequest)]
2020-04-05 16:54:49.099  INFO 14732 --- [main] o.s.s.web.DefaultSecurityFilterChain     : Creating filter chain: any request, [org.springframework.security.web.context.request.async.WebAsyncManagerIntegrationFilter@13fe5bb7, org.springframework.security.web.context.SecurityContextPersistenceFilter@d16209e, org.springframework.security.web.header.HeaderWriterFilter@98637a2, org.springframework.security.web.authentication.logout.LogoutFilter@4c6bba7d, org.springframework.security.web.authentication.www.BasicAuthenticationFilter@27afbf14, org.springframework.security.web.savedrequest.RequestCacheAwareFilter@6d815fb7, org.springframework.security.web.servletapi.SecurityContextHolderAwareRequestFilter@40016ce1, org.springframework.security.web.authentication.AnonymousAuthenticationFilter@4276ad40, org.springframework.security.web.session.SessionManagementFilter@2ef041bb, org.springframework.security.web.access.ExceptionTranslationFilter@5908e6d6, org.springframework.security.web.access.intercept.FilterSecurityInterceptor@40f1aa95]
2020-04-05 16:54:49.463  INFO 14732 --- [main] o.s.s.concurrent.ThreadPoolTaskExecutor  : Initializing ExecutorService 'applicationTaskExecutor'
2020-04-05 16:54:50.022  INFO 14732 --- [main] d.s.w.p.DocumentationPluginsBootstrapper : Context refreshed
2020-04-05 16:54:50.043  INFO 14732 --- [main] d.s.w.p.DocumentationPluginsBootstrapper : Found 1 custom documentation plugin(s)
2020-04-05 16:54:50.082  INFO 14732 --- [main] s.d.s.w.s.ApiListingReferenceScanner     : Scanning for api listing references
2020-04-05 16:54:50.495  INFO 14732 --- [main] o.s.b.w.embedded.tomcat.TomcatWebServer  : Tomcat started on port(s): 52553 (http) with context path ''
2020-04-05 16:54:50.498  INFO 14732 --- [main] c.e.api.controllers.ItemControllerTest   : Started ItemControllerTest in 4.619 seconds (JVM running for 5.644)
2020-04-05 16:54:51.415  INFO 14732 --- [http-nio-auto-1-exec-1] o.a.c.c.C.[Tomcat].[localhost].[/]       : Initializing Spring DispatcherServlet 'dispatcherServlet'
2020-04-05 16:54:51.417  INFO 14732 --- [http-nio-auto-1-exec-1] o.s.web.servlet.DispatcherServlet        : Initializing Servlet 'dispatcherServlet'
2020-04-05 16:54:51.435  INFO 14732 --- [http-nio-auto-1-exec-1] o.s.web.servlet.DispatcherServlet        : Completed initialization in 18 ms
2020-04-05 16:54:53.771  INFO 14732 --- [SpringContextShutdownHook] o.s.s.concurrent.ThreadPoolTaskExecutor  : Shutting down ExecutorService 'applicationTaskExecutor'
2020-04-05 16:58:02.692  INFO 21612 --- [main] c.e.api.controllers.ItemControllerTest   : Starting ItemControllerTest on CI00092537 with PID 21612 (started by driesbo in C:\_projects\switchfully\eurder\api)
2020-04-05 16:58:02.693  INFO 21612 --- [main] c.e.api.controllers.ItemControllerTest   : No active profile set, falling back to default profiles: default
2020-04-05 16:58:03.759  INFO 21612 --- [main] trationDelegate$BeanPostProcessorChecker : Bean 'org.springframework.security.config.annotation.configuration.ObjectPostProcessorConfiguration' of type [org.springframework.security.config.annotation.configuration.ObjectPostProcessorConfiguration] is not eligible for getting processed by all BeanPostProcessors (for example: not eligible for auto-proxying)
2020-04-05 16:58:03.767  INFO 21612 --- [main] trationDelegate$BeanPostProcessorChecker : Bean 'objectPostProcessor' of type [org.springframework.security.config.annotation.configuration.AutowireBeanFactoryObjectPostProcessor] is not eligible for getting processed by all BeanPostProcessors (for example: not eligible for auto-proxying)
2020-04-05 16:58:03.768  INFO 21612 --- [main] trationDelegate$BeanPostProcessorChecker : Bean 'org.springframework.security.access.expression.method.DefaultMethodSecurityExpressionHandler@3f96f020' of type [org.springframework.security.access.expression.method.DefaultMethodSecurityExpressionHandler] is not eligible for getting processed by all BeanPostProcessors (for example: not eligible for auto-proxying)
2020-04-05 16:58:03.776  INFO 21612 --- [main] trationDelegate$BeanPostProcessorChecker : Bean 'org.springframework.security.config.annotation.method.configuration.GlobalMethodSecurityConfiguration' of type [org.springframework.security.config.annotation.method.configuration.GlobalMethodSecurityConfiguration] is not eligible for getting processed by all BeanPostProcessors (for example: not eligible for auto-proxying)
2020-04-05 16:58:03.782  INFO 21612 --- [main] trationDelegate$BeanPostProcessorChecker : Bean 'methodSecurityMetadataSource' of type [org.springframework.security.access.method.DelegatingMethodSecurityMetadataSource] is not eligible for getting processed by all BeanPostProcessors (for example: not eligible for auto-proxying)
2020-04-05 16:58:04.297  INFO 21612 --- [main] o.s.b.w.embedded.tomcat.TomcatWebServer  : Tomcat initialized with port(s): 0 (http)
2020-04-05 16:58:04.307  INFO 21612 --- [main] o.apache.catalina.core.StandardService   : Starting service [Tomcat]
2020-04-05 16:58:04.307  INFO 21612 --- [main] org.apache.catalina.core.StandardEngine  : Starting Servlet engine: [Apache Tomcat/9.0.33]
2020-04-05 16:58:04.407  INFO 21612 --- [main] o.a.c.c.C.[Tomcat].[localhost].[/]       : Initializing Spring embedded WebApplicationContext
2020-04-05 16:58:04.408  INFO 21612 --- [main] o.s.web.context.ContextLoader            : Root WebApplicationContext: initialization completed in 1694 ms
2020-04-05 16:58:05.237  INFO 21612 --- [main] pertySourcedRequestMappingHandlerMapping : Mapped URL path [/v2/api-docs] onto method [springfox.documentation.swagger2.web.Swagger2Controller#getDocumentation(String, HttpServletRequest)]
2020-04-05 16:58:05.435  INFO 21612 --- [main] o.s.s.web.DefaultSecurityFilterChain     : Creating filter chain: any request, [org.springframework.security.web.context.request.async.WebAsyncManagerIntegrationFilter@22c8ee48, org.springframework.security.web.context.SecurityContextPersistenceFilter@9f9146d, org.springframework.security.web.header.HeaderWriterFilter@7afbf2a0, org.springframework.security.web.authentication.logout.LogoutFilter@be6d228, org.springframework.security.web.authentication.www.BasicAuthenticationFilter@bd4ee01, org.springframework.security.web.savedrequest.RequestCacheAwareFilter@605c7a9e, org.springframework.security.web.servletapi.SecurityContextHolderAwareRequestFilter@6d815fb7, org.springframework.security.web.authentication.AnonymousAuthenticationFilter@7845b21a, org.springframework.security.web.session.SessionManagementFilter@4b5ad306, org.springframework.security.web.access.ExceptionTranslationFilter@5f409872, org.springframework.security.web.access.intercept.FilterSecurityInterceptor@60a01cb]
2020-04-05 16:58:05.755  INFO 21612 --- [main] o.s.s.concurrent.ThreadPoolTaskExecutor  : Initializing ExecutorService 'applicationTaskExecutor'
2020-04-05 16:58:06.309  INFO 21612 --- [main] d.s.w.p.DocumentationPluginsBootstrapper : Context refreshed
2020-04-05 16:58:06.329  INFO 21612 --- [main] d.s.w.p.DocumentationPluginsBootstrapper : Found 1 custom documentation plugin(s)
2020-04-05 16:58:06.362  INFO 21612 --- [main] s.d.s.w.s.ApiListingReferenceScanner     : Scanning for api listing references
2020-04-05 16:58:06.797  INFO 21612 --- [main] o.s.b.w.embedded.tomcat.TomcatWebServer  : Tomcat started on port(s): 52620 (http) with context path ''
2020-04-05 16:58:06.800  INFO 21612 --- [main] c.e.api.controllers.ItemControllerTest   : Started ItemControllerTest in 4.492 seconds (JVM running for 5.587)
2020-04-05 16:58:07.706  INFO 21612 --- [http-nio-auto-1-exec-1] o.a.c.c.C.[Tomcat].[localhost].[/]       : Initializing Spring DispatcherServlet 'dispatcherServlet'
2020-04-05 16:58:07.707  INFO 21612 --- [http-nio-auto-1-exec-1] o.s.web.servlet.DispatcherServlet        : Initializing Servlet 'dispatcherServlet'
2020-04-05 16:58:07.726  INFO 21612 --- [http-nio-auto-1-exec-1] o.s.web.servlet.DispatcherServlet        : Completed initialization in 18 ms
2020-04-05 16:58:09.920  INFO 21612 --- [SpringContextShutdownHook] o.s.s.concurrent.ThreadPoolTaskExecutor  : Shutting down ExecutorService 'applicationTaskExecutor'
2020-04-05 16:58:33.494  INFO 26196 --- [main] c.e.api.controllers.ItemControllerTest   : Starting ItemControllerTest on CI00092537 with PID 26196 (started by driesbo in C:\_projects\switchfully\eurder\api)
2020-04-05 16:58:33.496  INFO 26196 --- [main] c.e.api.controllers.ItemControllerTest   : No active profile set, falling back to default profiles: default
2020-04-05 16:58:34.552  INFO 26196 --- [main] trationDelegate$BeanPostProcessorChecker : Bean 'org.springframework.security.config.annotation.configuration.ObjectPostProcessorConfiguration' of type [org.springframework.security.config.annotation.configuration.ObjectPostProcessorConfiguration] is not eligible for getting processed by all BeanPostProcessors (for example: not eligible for auto-proxying)
2020-04-05 16:58:34.561  INFO 26196 --- [main] trationDelegate$BeanPostProcessorChecker : Bean 'objectPostProcessor' of type [org.springframework.security.config.annotation.configuration.AutowireBeanFactoryObjectPostProcessor] is not eligible for getting processed by all BeanPostProcessors (for example: not eligible for auto-proxying)
2020-04-05 16:58:34.562  INFO 26196 --- [main] trationDelegate$BeanPostProcessorChecker : Bean 'org.springframework.security.access.expression.method.DefaultMethodSecurityExpressionHandler@3f96f020' of type [org.springframework.security.access.expression.method.DefaultMethodSecurityExpressionHandler] is not eligible for getting processed by all BeanPostProcessors (for example: not eligible for auto-proxying)
2020-04-05 16:58:34.570  INFO 26196 --- [main] trationDelegate$BeanPostProcessorChecker : Bean 'org.springframework.security.config.annotation.method.configuration.GlobalMethodSecurityConfiguration' of type [org.springframework.security.config.annotation.method.configuration.GlobalMethodSecurityConfiguration] is not eligible for getting processed by all BeanPostProcessors (for example: not eligible for auto-proxying)
2020-04-05 16:58:34.576  INFO 26196 --- [main] trationDelegate$BeanPostProcessorChecker : Bean 'methodSecurityMetadataSource' of type [org.springframework.security.access.method.DelegatingMethodSecurityMetadataSource] is not eligible for getting processed by all BeanPostProcessors (for example: not eligible for auto-proxying)
2020-04-05 16:58:35.107  INFO 26196 --- [main] o.s.b.w.embedded.tomcat.TomcatWebServer  : Tomcat initialized with port(s): 0 (http)
2020-04-05 16:58:35.117  INFO 26196 --- [main] o.apache.catalina.core.StandardService   : Starting service [Tomcat]
2020-04-05 16:58:35.117  INFO 26196 --- [main] org.apache.catalina.core.StandardEngine  : Starting Servlet engine: [Apache Tomcat/9.0.33]
2020-04-05 16:58:35.221  INFO 26196 --- [main] o.a.c.c.C.[Tomcat].[localhost].[/]       : Initializing Spring embedded WebApplicationContext
2020-04-05 16:58:35.222  INFO 26196 --- [main] o.s.web.context.ContextLoader            : Root WebApplicationContext: initialization completed in 1701 ms
2020-04-05 16:58:36.152  INFO 26196 --- [main] pertySourcedRequestMappingHandlerMapping : Mapped URL path [/v2/api-docs] onto method [springfox.documentation.swagger2.web.Swagger2Controller#getDocumentation(String, HttpServletRequest)]
2020-04-05 16:58:36.443  INFO 26196 --- [main] o.s.s.web.DefaultSecurityFilterChain     : Creating filter chain: any request, [org.springframework.security.web.context.request.async.WebAsyncManagerIntegrationFilter@22c8ee48, org.springframework.security.web.context.SecurityContextPersistenceFilter@9f9146d, org.springframework.security.web.header.HeaderWriterFilter@7afbf2a0, org.springframework.security.web.authentication.logout.LogoutFilter@be6d228, org.springframework.security.web.authentication.www.BasicAuthenticationFilter@bd4ee01, org.springframework.security.web.savedrequest.RequestCacheAwareFilter@605c7a9e, org.springframework.security.web.servletapi.SecurityContextHolderAwareRequestFilter@6d815fb7, org.springframework.security.web.authentication.AnonymousAuthenticationFilter@7845b21a, org.springframework.security.web.session.SessionManagementFilter@4b5ad306, org.springframework.security.web.access.ExceptionTranslationFilter@5f409872, org.springframework.security.web.access.intercept.FilterSecurityInterceptor@60a01cb]
2020-04-05 16:58:36.762  INFO 26196 --- [main] o.s.s.concurrent.ThreadPoolTaskExecutor  : Initializing ExecutorService 'applicationTaskExecutor'
2020-04-05 16:58:37.357  INFO 26196 --- [main] d.s.w.p.DocumentationPluginsBootstrapper : Context refreshed
2020-04-05 16:58:37.379  INFO 26196 --- [main] d.s.w.p.DocumentationPluginsBootstrapper : Found 1 custom documentation plugin(s)
2020-04-05 16:58:37.414  INFO 26196 --- [main] s.d.s.w.s.ApiListingReferenceScanner     : Scanning for api listing references
2020-04-05 16:58:37.841  INFO 26196 --- [main] o.s.b.w.embedded.tomcat.TomcatWebServer  : Tomcat started on port(s): 52663 (http) with context path ''
2020-04-05 16:58:37.845  INFO 26196 --- [main] c.e.api.controllers.ItemControllerTest   : Started ItemControllerTest in 4.756 seconds (JVM running for 5.772)
2020-04-05 16:58:38.736  INFO 26196 --- [http-nio-auto-1-exec-1] o.a.c.c.C.[Tomcat].[localhost].[/]       : Initializing Spring DispatcherServlet 'dispatcherServlet'
2020-04-05 16:58:38.737  INFO 26196 --- [http-nio-auto-1-exec-1] o.s.web.servlet.DispatcherServlet        : Initializing Servlet 'dispatcherServlet'
2020-04-05 16:58:38.758  INFO 26196 --- [http-nio-auto-1-exec-1] o.s.web.servlet.DispatcherServlet        : Completed initialization in 20 ms
2020-04-05 16:58:40.927  INFO 26196 --- [SpringContextShutdownHook] o.s.s.concurrent.ThreadPoolTaskExecutor  : Shutting down ExecutorService 'applicationTaskExecutor'
2020-04-05 16:59:02.993  INFO 21368 --- [main] c.e.api.controllers.ItemControllerTest   : Starting ItemControllerTest on CI00092537 with PID 21368 (started by driesbo in C:\_projects\switchfully\eurder\api)
2020-04-05 16:59:02.995  INFO 21368 --- [main] c.e.api.controllers.ItemControllerTest   : No active profile set, falling back to default profiles: default
2020-04-05 16:59:04.078  INFO 21368 --- [main] trationDelegate$BeanPostProcessorChecker : Bean 'org.springframework.security.config.annotation.configuration.ObjectPostProcessorConfiguration' of type [org.springframework.security.config.annotation.configuration.ObjectPostProcessorConfiguration] is not eligible for getting processed by all BeanPostProcessors (for example: not eligible for auto-proxying)
2020-04-05 16:59:04.086  INFO 21368 --- [main] trationDelegate$BeanPostProcessorChecker : Bean 'objectPostProcessor' of type [org.springframework.security.config.annotation.configuration.AutowireBeanFactoryObjectPostProcessor] is not eligible for getting processed by all BeanPostProcessors (for example: not eligible for auto-proxying)
2020-04-05 16:59:04.088  INFO 21368 --- [main] trationDelegate$BeanPostProcessorChecker : Bean 'org.springframework.security.access.expression.method.DefaultMethodSecurityExpressionHandler@3f96f020' of type [org.springframework.security.access.expression.method.DefaultMethodSecurityExpressionHandler] is not eligible for getting processed by all BeanPostProcessors (for example: not eligible for auto-proxying)
2020-04-05 16:59:04.095  INFO 21368 --- [main] trationDelegate$BeanPostProcessorChecker : Bean 'org.springframework.security.config.annotation.method.configuration.GlobalMethodSecurityConfiguration' of type [org.springframework.security.config.annotation.method.configuration.GlobalMethodSecurityConfiguration] is not eligible for getting processed by all BeanPostProcessors (for example: not eligible for auto-proxying)
2020-04-05 16:59:04.101  INFO 21368 --- [main] trationDelegate$BeanPostProcessorChecker : Bean 'methodSecurityMetadataSource' of type [org.springframework.security.access.method.DelegatingMethodSecurityMetadataSource] is not eligible for getting processed by all BeanPostProcessors (for example: not eligible for auto-proxying)
2020-04-05 16:59:04.621  INFO 21368 --- [main] o.s.b.w.embedded.tomcat.TomcatWebServer  : Tomcat initialized with port(s): 0 (http)
2020-04-05 16:59:04.631  INFO 21368 --- [main] o.apache.catalina.core.StandardService   : Starting service [Tomcat]
2020-04-05 16:59:04.631  INFO 21368 --- [main] org.apache.catalina.core.StandardEngine  : Starting Servlet engine: [Apache Tomcat/9.0.33]
2020-04-05 16:59:04.731  INFO 21368 --- [main] o.a.c.c.C.[Tomcat].[localhost].[/]       : Initializing Spring embedded WebApplicationContext
2020-04-05 16:59:04.732  INFO 21368 --- [main] o.s.web.context.ContextLoader            : Root WebApplicationContext: initialization completed in 1716 ms
2020-04-05 16:59:05.624  INFO 21368 --- [main] pertySourcedRequestMappingHandlerMapping : Mapped URL path [/v2/api-docs] onto method [springfox.documentation.swagger2.web.Swagger2Controller#getDocumentation(String, HttpServletRequest)]
2020-04-05 16:59:05.832  INFO 21368 --- [main] o.s.s.web.DefaultSecurityFilterChain     : Creating filter chain: any request, [org.springframework.security.web.context.request.async.WebAsyncManagerIntegrationFilter@22c8ee48, org.springframework.security.web.context.SecurityContextPersistenceFilter@9f9146d, org.springframework.security.web.header.HeaderWriterFilter@7afbf2a0, org.springframework.security.web.authentication.logout.LogoutFilter@be6d228, org.springframework.security.web.authentication.www.BasicAuthenticationFilter@bd4ee01, org.springframework.security.web.savedrequest.RequestCacheAwareFilter@605c7a9e, org.springframework.security.web.servletapi.SecurityContextHolderAwareRequestFilter@6d815fb7, org.springframework.security.web.authentication.AnonymousAuthenticationFilter@7845b21a, org.springframework.security.web.session.SessionManagementFilter@4b5ad306, org.springframework.security.web.access.ExceptionTranslationFilter@5f409872, org.springframework.security.web.access.intercept.FilterSecurityInterceptor@60a01cb]
2020-04-05 16:59:06.133  INFO 21368 --- [main] o.s.s.concurrent.ThreadPoolTaskExecutor  : Initializing ExecutorService 'applicationTaskExecutor'
2020-04-05 16:59:06.701  INFO 21368 --- [main] d.s.w.p.DocumentationPluginsBootstrapper : Context refreshed
2020-04-05 16:59:06.721  INFO 21368 --- [main] d.s.w.p.DocumentationPluginsBootstrapper : Found 1 custom documentation plugin(s)
2020-04-05 16:59:06.753  INFO 21368 --- [main] s.d.s.w.s.ApiListingReferenceScanner     : Scanning for api listing references
2020-04-05 16:59:07.175  INFO 21368 --- [main] o.s.b.w.embedded.tomcat.TomcatWebServer  : Tomcat started on port(s): 53660 (http) with context path ''
2020-04-05 16:59:07.178  INFO 21368 --- [main] c.e.api.controllers.ItemControllerTest   : Started ItemControllerTest in 4.574 seconds (JVM running for 5.578)
2020-04-05 16:59:08.075  INFO 21368 --- [http-nio-auto-1-exec-1] o.a.c.c.C.[Tomcat].[localhost].[/]       : Initializing Spring DispatcherServlet 'dispatcherServlet'
2020-04-05 16:59:08.076  INFO 21368 --- [http-nio-auto-1-exec-1] o.s.web.servlet.DispatcherServlet        : Initializing Servlet 'dispatcherServlet'
2020-04-05 16:59:08.095  INFO 21368 --- [http-nio-auto-1-exec-1] o.s.web.servlet.DispatcherServlet        : Completed initialization in 19 ms
2020-04-05 16:59:10.299  INFO 21368 --- [SpringContextShutdownHook] o.s.s.concurrent.ThreadPoolTaskExecutor  : Shutting down ExecutorService 'applicationTaskExecutor'
2020-04-05 17:00:54.311  INFO 27004 --- [main] c.e.api.controllers.ItemControllerTest   : Starting ItemControllerTest on CI00092537 with PID 27004 (started by driesbo in C:\_projects\switchfully\eurder\api)
2020-04-05 17:00:54.312  INFO 27004 --- [main] c.e.api.controllers.ItemControllerTest   : No active profile set, falling back to default profiles: default
2020-04-05 17:00:55.649  INFO 27004 --- [main] trationDelegate$BeanPostProcessorChecker : Bean 'org.springframework.security.config.annotation.configuration.ObjectPostProcessorConfiguration' of type [org.springframework.security.config.annotation.configuration.ObjectPostProcessorConfiguration] is not eligible for getting processed by all BeanPostProcessors (for example: not eligible for auto-proxying)
2020-04-05 17:00:55.661  INFO 27004 --- [main] trationDelegate$BeanPostProcessorChecker : Bean 'objectPostProcessor' of type [org.springframework.security.config.annotation.configuration.AutowireBeanFactoryObjectPostProcessor] is not eligible for getting processed by all BeanPostProcessors (for example: not eligible for auto-proxying)
2020-04-05 17:00:55.663  INFO 27004 --- [main] trationDelegate$BeanPostProcessorChecker : Bean 'org.springframework.security.access.expression.method.DefaultMethodSecurityExpressionHandler@8fcc534' of type [org.springframework.security.access.expression.method.DefaultMethodSecurityExpressionHandler] is not eligible for getting processed by all BeanPostProcessors (for example: not eligible for auto-proxying)
2020-04-05 17:00:55.673  INFO 27004 --- [main] trationDelegate$BeanPostProcessorChecker : Bean 'org.springframework.security.config.annotation.method.configuration.GlobalMethodSecurityConfiguration' of type [org.springframework.security.config.annotation.method.configuration.GlobalMethodSecurityConfiguration] is not eligible for getting processed by all BeanPostProcessors (for example: not eligible for auto-proxying)
2020-04-05 17:00:55.681  INFO 27004 --- [main] trationDelegate$BeanPostProcessorChecker : Bean 'methodSecurityMetadataSource' of type [org.springframework.security.access.method.DelegatingMethodSecurityMetadataSource] is not eligible for getting processed by all BeanPostProcessors (for example: not eligible for auto-proxying)
2020-04-05 17:00:56.374  INFO 27004 --- [main] o.s.b.w.embedded.tomcat.TomcatWebServer  : Tomcat initialized with port(s): 0 (http)
2020-04-05 17:00:56.389  INFO 27004 --- [main] o.apache.catalina.core.StandardService   : Starting service [Tomcat]
2020-04-05 17:00:56.390  INFO 27004 --- [main] org.apache.catalina.core.StandardEngine  : Starting Servlet engine: [Apache Tomcat/9.0.33]
2020-04-05 17:00:56.517  INFO 27004 --- [main] o.a.c.c.C.[Tomcat].[localhost].[/]       : Initializing Spring embedded WebApplicationContext
2020-04-05 17:00:56.518  INFO 27004 --- [main] o.s.web.context.ContextLoader            : Root WebApplicationContext: initialization completed in 2182 ms
2020-04-05 17:01:09.916  INFO 24664 --- [main] c.e.api.controllers.ItemControllerTest   : Starting ItemControllerTest on CI00092537 with PID 24664 (started by driesbo in C:\_projects\switchfully\eurder\api)
2020-04-05 17:01:09.918  INFO 24664 --- [main] c.e.api.controllers.ItemControllerTest   : No active profile set, falling back to default profiles: default
2020-04-05 17:01:11.095  INFO 24664 --- [main] trationDelegate$BeanPostProcessorChecker : Bean 'org.springframework.security.config.annotation.configuration.ObjectPostProcessorConfiguration' of type [org.springframework.security.config.annotation.configuration.ObjectPostProcessorConfiguration] is not eligible for getting processed by all BeanPostProcessors (for example: not eligible for auto-proxying)
2020-04-05 17:01:11.110  INFO 24664 --- [main] trationDelegate$BeanPostProcessorChecker : Bean 'objectPostProcessor' of type [org.springframework.security.config.annotation.configuration.AutowireBeanFactoryObjectPostProcessor] is not eligible for getting processed by all BeanPostProcessors (for example: not eligible for auto-proxying)
2020-04-05 17:01:11.113  INFO 24664 --- [main] trationDelegate$BeanPostProcessorChecker : Bean 'org.springframework.security.access.expression.method.DefaultMethodSecurityExpressionHandler@fa5f81c' of type [org.springframework.security.access.expression.method.DefaultMethodSecurityExpressionHandler] is not eligible for getting processed by all BeanPostProcessors (for example: not eligible for auto-proxying)
2020-04-05 17:01:11.121  INFO 24664 --- [main] trationDelegate$BeanPostProcessorChecker : Bean 'org.springframework.security.config.annotation.method.configuration.GlobalMethodSecurityConfiguration' of type [org.springframework.security.config.annotation.method.configuration.GlobalMethodSecurityConfiguration] is not eligible for getting processed by all BeanPostProcessors (for example: not eligible for auto-proxying)
2020-04-05 17:01:11.131  INFO 24664 --- [main] trationDelegate$BeanPostProcessorChecker : Bean 'methodSecurityMetadataSource' of type [org.springframework.security.access.method.DelegatingMethodSecurityMetadataSource] is not eligible for getting processed by all BeanPostProcessors (for example: not eligible for auto-proxying)
2020-04-05 17:01:11.659  INFO 24664 --- [main] o.s.b.w.embedded.tomcat.TomcatWebServer  : Tomcat initialized with port(s): 0 (http)
2020-04-05 17:01:11.668  INFO 24664 --- [main] o.apache.catalina.core.StandardService   : Starting service [Tomcat]
2020-04-05 17:01:11.669  INFO 24664 --- [main] org.apache.catalina.core.StandardEngine  : Starting Servlet engine: [Apache Tomcat/9.0.33]
2020-04-05 17:01:11.772  INFO 24664 --- [main] o.a.c.c.C.[Tomcat].[localhost].[/]       : Initializing Spring embedded WebApplicationContext
2020-04-05 17:01:11.773  INFO 24664 --- [main] o.s.web.context.ContextLoader            : Root WebApplicationContext: initialization completed in 1831 ms
2020-04-05 17:01:12.649  INFO 24664 --- [main] pertySourcedRequestMappingHandlerMapping : Mapped URL path [/v2/api-docs] onto method [springfox.documentation.swagger2.web.Swagger2Controller#getDocumentation(String, HttpServletRequest)]
2020-04-05 17:01:12.867  INFO 24664 --- [main] o.s.s.web.DefaultSecurityFilterChain     : Creating filter chain: any request, [org.springframework.security.web.context.request.async.WebAsyncManagerIntegrationFilter@22c8ee48, org.springframework.security.web.context.SecurityContextPersistenceFilter@9f9146d, org.springframework.security.web.header.HeaderWriterFilter@7afbf2a0, org.springframework.security.web.authentication.logout.LogoutFilter@be6d228, org.springframework.security.web.authentication.www.BasicAuthenticationFilter@bd4ee01, org.springframework.security.web.savedrequest.RequestCacheAwareFilter@605c7a9e, org.springframework.security.web.servletapi.SecurityContextHolderAwareRequestFilter@6d815fb7, org.springframework.security.web.authentication.AnonymousAuthenticationFilter@7845b21a, org.springframework.security.web.session.SessionManagementFilter@4b5ad306, org.springframework.security.web.access.ExceptionTranslationFilter@5f409872, org.springframework.security.web.access.intercept.FilterSecurityInterceptor@60a01cb]
2020-04-05 17:01:13.183  INFO 24664 --- [main] o.s.s.concurrent.ThreadPoolTaskExecutor  : Initializing ExecutorService 'applicationTaskExecutor'
2020-04-05 17:01:13.737  INFO 24664 --- [main] d.s.w.p.DocumentationPluginsBootstrapper : Context refreshed
2020-04-05 17:01:13.762  INFO 24664 --- [main] d.s.w.p.DocumentationPluginsBootstrapper : Found 1 custom documentation plugin(s)
2020-04-05 17:01:13.796  INFO 24664 --- [main] s.d.s.w.s.ApiListingReferenceScanner     : Scanning for api listing references
2020-04-05 17:01:14.211  INFO 24664 --- [main] o.s.b.w.embedded.tomcat.TomcatWebServer  : Tomcat started on port(s): 53725 (http) with context path ''
2020-04-05 17:01:14.214  INFO 24664 --- [main] c.e.api.controllers.ItemControllerTest   : Started ItemControllerTest in 4.621 seconds (JVM running for 5.973)
2020-04-05 17:01:15.183  INFO 24664 --- [http-nio-auto-1-exec-1] o.a.c.c.C.[Tomcat].[localhost].[/]       : Initializing Spring DispatcherServlet 'dispatcherServlet'
2020-04-05 17:01:15.185  INFO 24664 --- [http-nio-auto-1-exec-1] o.s.web.servlet.DispatcherServlet        : Initializing Servlet 'dispatcherServlet'
2020-04-05 17:01:15.204  INFO 24664 --- [http-nio-auto-1-exec-1] o.s.web.servlet.DispatcherServlet        : Completed initialization in 19 ms
2020-04-05 17:01:17.397  INFO 24664 --- [SpringContextShutdownHook] o.s.s.concurrent.ThreadPoolTaskExecutor  : Shutting down ExecutorService 'applicationTaskExecutor'
2020-04-05 17:10:12.087  INFO 12200 --- [main] c.e.api.controllers.ItemControllerTest   : Starting ItemControllerTest on CI00092537 with PID 12200 (started by driesbo in C:\_projects\switchfully\eurder\api)
2020-04-05 17:10:12.088  INFO 12200 --- [main] c.e.api.controllers.ItemControllerTest   : No active profile set, falling back to default profiles: default
2020-04-05 17:10:13.162  INFO 12200 --- [main] trationDelegate$BeanPostProcessorChecker : Bean 'org.springframework.security.config.annotation.configuration.ObjectPostProcessorConfiguration' of type [org.springframework.security.config.annotation.configuration.ObjectPostProcessorConfiguration] is not eligible for getting processed by all BeanPostProcessors (for example: not eligible for auto-proxying)
2020-04-05 17:10:13.171  INFO 12200 --- [main] trationDelegate$BeanPostProcessorChecker : Bean 'objectPostProcessor' of type [org.springframework.security.config.annotation.configuration.AutowireBeanFactoryObjectPostProcessor] is not eligible for getting processed by all BeanPostProcessors (for example: not eligible for auto-proxying)
2020-04-05 17:10:13.173  INFO 12200 --- [main] trationDelegate$BeanPostProcessorChecker : Bean 'org.springframework.security.access.expression.method.DefaultMethodSecurityExpressionHandler@3f96f020' of type [org.springframework.security.access.expression.method.DefaultMethodSecurityExpressionHandler] is not eligible for getting processed by all BeanPostProcessors (for example: not eligible for auto-proxying)
2020-04-05 17:10:13.181  INFO 12200 --- [main] trationDelegate$BeanPostProcessorChecker : Bean 'org.springframework.security.config.annotation.method.configuration.GlobalMethodSecurityConfiguration' of type [org.springframework.security.config.annotation.method.configuration.GlobalMethodSecurityConfiguration] is not eligible for getting processed by all BeanPostProcessors (for example: not eligible for auto-proxying)
2020-04-05 17:10:13.189  INFO 12200 --- [main] trationDelegate$BeanPostProcessorChecker : Bean 'methodSecurityMetadataSource' of type [org.springframework.security.access.method.DelegatingMethodSecurityMetadataSource] is not eligible for getting processed by all BeanPostProcessors (for example: not eligible for auto-proxying)
2020-04-05 17:10:13.728  INFO 12200 --- [main] o.s.b.w.embedded.tomcat.TomcatWebServer  : Tomcat initialized with port(s): 0 (http)
2020-04-05 17:10:13.739  INFO 12200 --- [main] o.apache.catalina.core.StandardService   : Starting service [Tomcat]
2020-04-05 17:10:13.740  INFO 12200 --- [main] org.apache.catalina.core.StandardEngine  : Starting Servlet engine: [Apache Tomcat/9.0.33]
2020-04-05 17:10:13.848  INFO 12200 --- [main] o.a.c.c.C.[Tomcat].[localhost].[/]       : Initializing Spring embedded WebApplicationContext
2020-04-05 17:10:13.848  INFO 12200 --- [main] o.s.web.context.ContextLoader            : Root WebApplicationContext: initialization completed in 1739 ms
2020-04-05 17:10:14.760  INFO 12200 --- [main] pertySourcedRequestMappingHandlerMapping : Mapped URL path [/v2/api-docs] onto method [springfox.documentation.swagger2.web.Swagger2Controller#getDocumentation(String, HttpServletRequest)]
2020-04-05 17:10:14.967  INFO 12200 --- [main] o.s.s.web.DefaultSecurityFilterChain     : Creating filter chain: any request, [org.springframework.security.web.context.request.async.WebAsyncManagerIntegrationFilter@22c8ee48, org.springframework.security.web.context.SecurityContextPersistenceFilter@9f9146d, org.springframework.security.web.header.HeaderWriterFilter@7afbf2a0, org.springframework.security.web.authentication.logout.LogoutFilter@be6d228, org.springframework.security.web.authentication.www.BasicAuthenticationFilter@bd4ee01, org.springframework.security.web.savedrequest.RequestCacheAwareFilter@605c7a9e, org.springframework.security.web.servletapi.SecurityContextHolderAwareRequestFilter@6d815fb7, org.springframework.security.web.authentication.AnonymousAuthenticationFilter@7845b21a, org.springframework.security.web.session.SessionManagementFilter@4b5ad306, org.springframework.security.web.access.ExceptionTranslationFilter@5f409872, org.springframework.security.web.access.intercept.FilterSecurityInterceptor@60a01cb]
2020-04-05 17:10:15.274  INFO 12200 --- [main] o.s.s.concurrent.ThreadPoolTaskExecutor  : Initializing ExecutorService 'applicationTaskExecutor'
2020-04-05 17:10:15.854  INFO 12200 --- [main] d.s.w.p.DocumentationPluginsBootstrapper : Context refreshed
2020-04-05 17:10:15.875  INFO 12200 --- [main] d.s.w.p.DocumentationPluginsBootstrapper : Found 1 custom documentation plugin(s)
2020-04-05 17:10:15.908  INFO 12200 --- [main] s.d.s.w.s.ApiListingReferenceScanner     : Scanning for api listing references
2020-04-05 17:10:16.321  INFO 12200 --- [main] o.s.b.w.embedded.tomcat.TomcatWebServer  : Tomcat started on port(s): 53911 (http) with context path ''
2020-04-05 17:10:16.324  INFO 12200 --- [main] c.e.api.controllers.ItemControllerTest   : Started ItemControllerTest in 4.629 seconds (JVM running for 5.703)
2020-04-05 17:10:17.250  INFO 12200 --- [http-nio-auto-1-exec-1] o.a.c.c.C.[Tomcat].[localhost].[/]       : Initializing Spring DispatcherServlet 'dispatcherServlet'
2020-04-05 17:10:17.252  INFO 12200 --- [http-nio-auto-1-exec-1] o.s.web.servlet.DispatcherServlet        : Initializing Servlet 'dispatcherServlet'
2020-04-05 17:10:17.273  INFO 12200 --- [http-nio-auto-1-exec-1] o.s.web.servlet.DispatcherServlet        : Completed initialization in 21 ms
2020-04-05 17:10:19.435  INFO 12200 --- [SpringContextShutdownHook] o.s.s.concurrent.ThreadPoolTaskExecutor  : Shutting down ExecutorService 'applicationTaskExecutor'
2020-04-05 17:10:44.649  INFO 14148 --- [main] c.e.api.controllers.ItemControllerTest   : Starting ItemControllerTest on CI00092537 with PID 14148 (started by driesbo in C:\_projects\switchfully\eurder\api)
2020-04-05 17:10:44.651  INFO 14148 --- [main] c.e.api.controllers.ItemControllerTest   : No active profile set, falling back to default profiles: default
2020-04-05 17:10:45.727  INFO 14148 --- [main] trationDelegate$BeanPostProcessorChecker : Bean 'org.springframework.security.config.annotation.configuration.ObjectPostProcessorConfiguration' of type [org.springframework.security.config.annotation.configuration.ObjectPostProcessorConfiguration] is not eligible for getting processed by all BeanPostProcessors (for example: not eligible for auto-proxying)
2020-04-05 17:10:45.736  INFO 14148 --- [main] trationDelegate$BeanPostProcessorChecker : Bean 'objectPostProcessor' of type [org.springframework.security.config.annotation.configuration.AutowireBeanFactoryObjectPostProcessor] is not eligible for getting processed by all BeanPostProcessors (for example: not eligible for auto-proxying)
2020-04-05 17:10:45.737  INFO 14148 --- [main] trationDelegate$BeanPostProcessorChecker : Bean 'org.springframework.security.access.expression.method.DefaultMethodSecurityExpressionHandler@26ca61bf' of type [org.springframework.security.access.expression.method.DefaultMethodSecurityExpressionHandler] is not eligible for getting processed by all BeanPostProcessors (for example: not eligible for auto-proxying)
2020-04-05 17:10:45.744  INFO 14148 --- [main] trationDelegate$BeanPostProcessorChecker : Bean 'org.springframework.security.config.annotation.method.configuration.GlobalMethodSecurityConfiguration' of type [org.springframework.security.config.annotation.method.configuration.GlobalMethodSecurityConfiguration] is not eligible for getting processed by all BeanPostProcessors (for example: not eligible for auto-proxying)
2020-04-05 17:10:45.750  INFO 14148 --- [main] trationDelegate$BeanPostProcessorChecker : Bean 'methodSecurityMetadataSource' of type [org.springframework.security.access.method.DelegatingMethodSecurityMetadataSource] is not eligible for getting processed by all BeanPostProcessors (for example: not eligible for auto-proxying)
2020-04-05 17:10:46.276  INFO 14148 --- [main] o.s.b.w.embedded.tomcat.TomcatWebServer  : Tomcat initialized with port(s): 0 (http)
2020-04-05 17:10:46.287  INFO 14148 --- [main] o.apache.catalina.core.StandardService   : Starting service [Tomcat]
2020-04-05 17:10:46.287  INFO 14148 --- [main] org.apache.catalina.core.StandardEngine  : Starting Servlet engine: [Apache Tomcat/9.0.33]
2020-04-05 17:10:46.390  INFO 14148 --- [main] o.a.c.c.C.[Tomcat].[localhost].[/]       : Initializing Spring embedded WebApplicationContext
2020-04-05 17:10:46.390  INFO 14148 --- [main] o.s.web.context.ContextLoader            : Root WebApplicationContext: initialization completed in 1714 ms
2020-04-05 17:10:47.259  INFO 14148 --- [main] pertySourcedRequestMappingHandlerMapping : Mapped URL path [/v2/api-docs] onto method [springfox.documentation.swagger2.web.Swagger2Controller#getDocumentation(String, HttpServletRequest)]
2020-04-05 17:10:47.496  INFO 14148 --- [main] o.s.s.web.DefaultSecurityFilterChain     : Creating filter chain: any request, [org.springframework.security.web.context.request.async.WebAsyncManagerIntegrationFilter@4cfcac13, org.springframework.security.web.context.SecurityContextPersistenceFilter@48a46b0f, org.springframework.security.web.header.HeaderWriterFilter@5822ecda, org.springframework.security.web.authentication.logout.LogoutFilter@15c16f19, org.springframework.security.web.authentication.www.BasicAuthenticationFilter@39ace1a7, org.springframework.security.web.savedrequest.RequestCacheAwareFilter@2ef041bb, org.springframework.security.web.servletapi.SecurityContextHolderAwareRequestFilter@75527e36, org.springframework.security.web.authentication.AnonymousAuthenticationFilter@5c25d0d1, org.springframework.security.web.session.SessionManagementFilter@6b2ef50e, org.springframework.security.web.access.ExceptionTranslationFilter@b5312df, org.springframework.security.web.access.intercept.FilterSecurityInterceptor@11148dc2]
2020-04-05 17:10:47.810  INFO 14148 --- [main] o.s.s.concurrent.ThreadPoolTaskExecutor  : Initializing ExecutorService 'applicationTaskExecutor'
2020-04-05 17:10:48.414  INFO 14148 --- [main] d.s.w.p.DocumentationPluginsBootstrapper : Context refreshed
2020-04-05 17:10:48.435  INFO 14148 --- [main] d.s.w.p.DocumentationPluginsBootstrapper : Found 1 custom documentation plugin(s)
2020-04-05 17:10:48.470  INFO 14148 --- [main] s.d.s.w.s.ApiListingReferenceScanner     : Scanning for api listing references
2020-04-05 17:10:48.887  INFO 14148 --- [main] o.s.b.w.embedded.tomcat.TomcatWebServer  : Tomcat started on port(s): 53954 (http) with context path ''
2020-04-05 17:10:48.890  INFO 14148 --- [main] c.e.api.controllers.ItemControllerTest   : Started ItemControllerTest in 4.71 seconds (JVM running for 5.747)
2020-04-05 17:10:49.821  INFO 14148 --- [http-nio-auto-1-exec-1] o.a.c.c.C.[Tomcat].[localhost].[/]       : Initializing Spring DispatcherServlet 'dispatcherServlet'
2020-04-05 17:10:49.823  INFO 14148 --- [http-nio-auto-1-exec-1] o.s.web.servlet.DispatcherServlet        : Initializing Servlet 'dispatcherServlet'
2020-04-05 17:10:49.841  INFO 14148 --- [http-nio-auto-1-exec-1] o.s.web.servlet.DispatcherServlet        : Completed initialization in 18 ms
2020-04-05 17:10:52.003  INFO 14148 --- [SpringContextShutdownHook] o.s.s.concurrent.ThreadPoolTaskExecutor  : Shutting down ExecutorService 'applicationTaskExecutor'
